Android/build/outputs/logs/manifest-merger-debug-report.txt
-- Merging decision tree log ---
manifest
ADDED from AndroidManifest.xml:3:1
	android:windowSoftInputMode
		ADDED from AndroidManifest.xml:6:5
	android:hardwareAccelerated
		ADDED from AndroidManifest.xml:5:5
	xmlns:android
		ADDED from AndroidManifest.xml:3:11
	package
		ADDED from AndroidManifest.xml:4:5
	android:versionName
		ADDED from AndroidManifest.xml:8:5
	android:versionCode
		ADDED from AndroidManifest.xml:7:5
		INJECTED from AndroidManifest.xml:0:0
		INJECTED from AndroidManifest.xml:0:0
supports-screens
ADDED from AndroidManifest.xml:10:5
	android:resizeable
		ADDED from AndroidManifest.xml:14:9
	android:largeScreens
		ADDED from AndroidManifest.xml:12:9
	android:anyDensity
		ADDED from AndroidManifest.xml:11:9
	android:normalScreens
		ADDED from AndroidManifest.xml:13:9
	android:xlargeScreens
		ADDED from AndroidManifest.xml:16:9
	android:smallScreens
		ADDED from AndroidManifest.xml:15:9
uses-sdk
ADDED from AndroidManifest.xml:18:5
MERGED from com.android.support:multidex:1.0.0:18:5
MERGED from com.android.support:appcompat-v7:22.2.1:20:5
MERGED from com.facebook.android:facebook-android-sdk:4.5.0:24:5
MERGED from com.crashlytics.sdk.android:crashlytics:2.5.1:7:5
MERGED from io.fabric.sdk.android:fabric:1.3.5:23:5
MERGED from com.crashlytics.sdk.android:crashlytics-core:2.3.4:7:5
MERGED from io.fabric.sdk.android:fabric:1.3.5:23:5
MERGED from com.crashlytics.sdk.android:answers:1.3.1:7:5
MERGED from io.fabric.sdk.android:fabric:1.3.5:23:5
MERGED from com.crashlytics.sdk.android:beta:1.1.3:7:5
MERGED from io.fabric.sdk.android:fabric:1.3.5:23:5
MERGED from com.crashlytics.sdk.android:answers:1.3.1:7:5
MERGED from io.fabric.sdk.android:fabric:1.3.5:23:5
	android:targetSdkVersion
		ADDED from AndroidManifest.xml:20:9
		INJECTED from AndroidManifest.xml:0:0
		INJECTED from AndroidManifest.xml:0:0
	android:minSdkVersion
		ADDED from AndroidManifest.xml:19:9
		INJECTED from AndroidManifest.xml:0:0
		INJECTED from AndroidManifest.xml:0:0
uses-permission#android.permission.INTERNET
ADDED from AndroidManifest.xml:22:5
MERGED from com.crashlytics.sdk.android:crashlytics:2.5.1:9:5
MERGED from com.crashlytics.sdk.android:crashlytics-core:2.3.4:9:5
MERGED from com.crashlytics.sdk.android:answers:1.3.1:9:5
MERGED from com.crashlytics.sdk.android:answers:1.3.1:9:5
	android:name
		ADDED from AndroidManifest.xml:22:22
uses-permission#android.permission.GET_ACCOUNTS
ADDED from AndroidManifest.xml:23:5
	android:name
		ADDED from AndroidManifest.xml:23:22
uses-permission#android.permission.WAKE_LOCK
ADDED from AndroidManifest.xml:24:5
	android:name
		ADDED from AndroidManifest.xml:24:22
uses-permission#android.permission.VIBRATE
ADDED from AndroidManifest.xml:25:5
	android:name
		ADDED from AndroidManifest.xml:25:22
uses-permission#android.permission.ACCESS_NETWORK_STATE
ADDED from AndroidManifest.xml:26:5
	android:name
		ADDED from AndroidManifest.xml:26:22
uses-permission#android.permission.READ_PHONE_STATE
ADDED from AndroidManifest.xml:27:5
	android:name
		ADDED from AndroidManifest.xml:27:22
uses-permission#android.permission.WRITE_EXTERNAL_STORAGE
ADDED from AndroidManifest.xml:28:5
	android:name
		ADDED from AndroidManifest.xml:28:22
uses-permission#com.google.android.c2dm.permission.RECEIVE
ADDED from AndroidManifest.xml:29:5
	android:name
		ADDED from AndroidManifest.xml:29:22
uses-permission#com.onshift.mobile.permission.C2D_MESSAGE
ADDED from AndroidManifest.xml:30:2
	android:name
		ADDED from AndroidManifest.xml:30:19
uses-permission#android.permission.C2D_MESSAGE
ADDED from AndroidManifest.xml:31:2
	android:name
		ADDED from AndroidManifest.xml:31:19
uses-permission#android.permission.SYSTEM_ALERT_WINDOW
ADDED from AndroidManifest.xml:32:2
	android:name
		ADDED from AndroidManifest.xml:32:19
uses-permission#android.permission.GET_TASKS
ADDED from AndroidManifest.xml:33:5
	android:name
		ADDED from AndroidManifest.xml:33:22
permission#com.onshift.mobile.permission.C2D_MESSAGE
ADDED from AndroidManifest.xml:35:5
	android:protectionLevel
		ADDED from AndroidManifest.xml:37:9
	android:name
		ADDED from AndroidManifest.xml:36:9
application
ADDED from AndroidManifest.xml:39:5
MERGED from com.android.support:appcompat-v7:22.2.1:22:5
MERGED from com.facebook.android:facebook-android-sdk:4.5.0:28:5
MERGED from com.crashlytics.sdk.android:crashlytics:2.5.1:11:5
MERGED from io.fabric.sdk.android:fabric:1.3.5:25:5
MERGED from com.crashlytics.sdk.android:crashlytics-core:2.3.4:11:5
MERGED from io.fabric.sdk.android:fabric:1.3.5:25:5
MERGED from com.crashlytics.sdk.android:answers:1.3.1:11:5
MERGED from io.fabric.sdk.android:fabric:1.3.5:25:5
MERGED from com.crashlytics.sdk.android:beta:1.1.3:9:5
MERGED from io.fabric.sdk.android:fabric:1.3.5:25:5
MERGED from com.crashlytics.sdk.android:answers:1.3.1:11:5
MERGED from io.fabric.sdk.android:fabric:1.3.5:25:5
	android:windowSoftInputMode
		ADDED from AndroidManifest.xml:43:9
	android:label
		ADDED from AndroidManifest.xml:42:9
	android:icon
		ADDED from AndroidManifest.xml:41:9
	android:theme
		ADDED from AndroidManifest.xml:44:9
	android:hardwareAccelerated
		ADDED from AndroidManifest.xml:40:9
activity#com.onshift.mobile.universal_login.UniversalLoginActivity
ADDED from AndroidManifest.xml:45:9
	android:screenOrientation
		ADDED from AndroidManifest.xml:46:13
	android:label
		ADDED from AndroidManifest.xml:49:13
	android:configChanges
		ADDED from AndroidManifest.xml:47:13
	android:name
		ADDED from AndroidManifest.xml:48:13
intent-filter#android.intent.action.MAIN+android.intent.category.LAUNCHER
ADDED from AndroidManifest.xml:50:13
action#android.intent.action.MAIN
ADDED from AndroidManifest.xml:51:17
	android:name
		ADDED from AndroidManifest.xml:51:25
category#android.intent.category.LAUNCHER
ADDED from AndroidManifest.xml:52:17
	android:name
		ADDED from AndroidManifest.xml:52:27
intent-filter#android.intent.action.VIEW+android.intent.category.BROWSABLE+android.intent.category.DEFAULT
ADDED from AndroidManifest.xml:54:13
data
ADDED from AndroidManifest.xml:55:8
	android:scheme
		ADDED from AndroidManifest.xml:55:14
action#android.intent.action.VIEW
ADDED from AndroidManifest.xml:56:8
	android:name
		ADDED from AndroidManifest.xml:56:16
category#android.intent.category.DEFAULT
ADDED from AndroidManifest.xml:57:8
	android:name
		ADDED from AndroidManifest.xml:57:18
category#android.intent.category.BROWSABLE
ADDED from AndroidManifest.xml:58:8
	android:name
		ADDED from AndroidManifest.xml:58:18
activity#com.onshift.mobile.universal_login.URLPickerActivity
ADDED from AndroidManifest.xml:62:7
	android:screenOrientation
		ADDED from AndroidManifest.xml:63:9
	android:label
		ADDED from AndroidManifest.xml:65:9
	android:configChanges
		ADDED from AndroidManifest.xml:64:9
	android:name
		ADDED from AndroidManifest.xml:62:17
activity#com.onshift.mobile.MainActivity
ADDED from AndroidManifest.xml:67:7
	android:screenOrientation
		ADDED from AndroidManifest.xml:68:9
	android:label
		ADDED from AndroidManifest.xml:70:9
	android:configChanges
		ADDED from AndroidManifest.xml:69:9
	android:name
		ADDED from AndroidManifest.xml:67:17
activity#com.onshift.mobile.ContainerActivity
ADDED from AndroidManifest.xml:73:7
	android:screenOrientation
		ADDED from AndroidManifest.xml:74:9
	android:label
		ADDED from AndroidManifest.xml:76:9
	android:configChanges
		ADDED from AndroidManifest.xml:75:9
	android:name
		ADDED from AndroidManifest.xml:73:17
activity#com.facebook.LoginActivity
ADDED from AndroidManifest.xml:78:7
	android:label
		ADDED from AndroidManifest.xml:79:9
	android:name
		ADDED from AndroidManifest.xml:78:17
activity#com.onshift.mobile.FacebookLoginActivity
ADDED from AndroidManifest.xml:81:7
	android:label
		ADDED from AndroidManifest.xml:82:9
	android:name
		ADDED from AndroidManifest.xml:81:17
activity#com.onshift.mobile.PrintDialogActivity
ADDED from AndroidManifest.xml:84:7
	android:screenOrientation
		ADDED from AndroidManifest.xml:85:9
	android:label
		ADDED from AndroidManifest.xml:87:9
	android:configChanges
		ADDED from AndroidManifest.xml:86:9
	android:name
		ADDED from AndroidManifest.xml:84:17
activity#com.onshift.mobile.TutorialActivity
ADDED from AndroidManifest.xml:89:7
	android:screenOrientation
		ADDED from AndroidManifest.xml:90:9
	android:label
		ADDED from AndroidManifest.xml:92:9
	android:configChanges
		ADDED from AndroidManifest.xml:91:9
	android:name
		ADDED from AndroidManifest.xml:89:17
activity#com.onshift.mobile.universal_login.ForcePasswordResetActivity
ADDED from AndroidManifest.xml:94:7
	android:screenOrientation
		ADDED from AndroidManifest.xml:95:9
	android:label
		ADDED from AndroidManifest.xml:97:9
	android:configChanges
		ADDED from AndroidManifest.xml:96:9
	android:name
		ADDED from AndroidManifest.xml:94:17
activity#com.onshift.mobile.universal_login.ForgotPasswordActivity
ADDED from AndroidManifest.xml:99:7
	android:screenOrientation
		ADDED from AndroidManifest.xml:100:9
	android:label
		ADDED from AndroidManifest.xml:102:9
	android:configChanges
		ADDED from AndroidManifest.xml:101:9
	android:name
		ADDED from AndroidManifest.xml:99:17
activity#com.onshift.mobile.DrawerActivity
ADDED from AndroidManifest.xml:104:7
	android:label
		ADDED from AndroidManifest.xml:105:9
	android:name
		ADDED from AndroidManifest.xml:104:17
receiver#com.onshift.mobile.ExternalReceiver
ADDED from AndroidManifest.xml:107:7
	android:permission
		ADDED from AndroidManifest.xml:109:13
	android:name
		ADDED from AndroidManifest.xml:108:13
intent-filter#com.google.android.c2dm.intent.RECEIVE+com.google.android.c2dm.intent.REGISTRATION+com.onshift.mobile
ADDED from AndroidManifest.xml:110:13
action#com.google.android.c2dm.intent.RECEIVE
ADDED from AndroidManifest.xml:111:17
	android:name
		ADDED from AndroidManifest.xml:111:25
action#com.google.android.c2dm.intent.REGISTRATION
ADDED from AndroidManifest.xml:112:17
	android:name
		ADDED from AndroidManifest.xml:112:25
category#com.onshift.mobile
ADDED from AndroidManifest.xml:113:17
	android:name
		ADDED from AndroidManifest.xml:113:27
service#com.onshift.mobile.GCMIntentService
ADDED from AndroidManifest.xml:117:9
	android:name
		ADDED from AndroidManifest.xml:117:18
meta-data#com.crashlytics.ApiKey
ADDED from AndroidManifest.xml:118:9
	android:name
		ADDED from AndroidManifest.xml:119:13
	android:value
		ADDED from AndroidManifest.xml:120:13
meta-data#com.facebook.sdk.ApplicationId
ADDED from AndroidManifest.xml:121:9
	android:name
		ADDED from AndroidManifest.xml:121:20
	android:value
		ADDED from AndroidManifest.xml:121:66
meta-data#io.fabric.ApiKey
ADDED from AndroidManifest.xml:122:9
	android:name
		ADDED from AndroidManifest.xml:123:13
	android:value
		ADDED from AndroidManifest.xml:124:13